2025-04-01 20:13:52,837 [INFO] com.project.event_management_system.EventManagementSystemApplication {restartedMain} Starting EventManagementSystemApplication using Java 22.0.2 with PID 3413 (/Users/abhishekalhat/Projects/SpringbootProjects/event-management-system/target/classes started by abhishekalhat in /Users/abhishekalhat/Projects/SpringbootProjects/event-management-system)
2025-04-01 20:13:52,848 [DEBUG] com.project.event_management_system.EventManagementSystemApplication {restartedMain} Running with Spring Boot v3.4.1, Spring v6.2.1
2025-04-01 20:13:52,849 [INFO] com.project.event_management_system.EventManagementSystemApplication {restartedMain} No active profile set, falling back to 1 default profile: "default"
2025-04-01 20:13:52,901 [INFO] org.springframework.boot.devtools.env.DevToolsPropertyDefaultsPostProcessor {restartedMain} Devtools property defaults active! Set 'spring.devtools.add-properties' to 'false' to disable
2025-04-01 20:13:52,902 [INFO] org.springframework.boot.devtools.env.DevToolsPropertyDefaultsPostProcessor {restartedMain} For additional web related logging consider setting the 'logging.level.web' property to 'DEBUG'
2025-04-01 20:13:53,552 [INFO] org.springframework.data.repository.config.RepositoryConfigurationDelegate {restartedMain} Multiple Spring Data modules found, entering strict repository configuration mode
2025-04-01 20:13:53,553 [INFO] org.springframework.data.repository.config.RepositoryConfigurationDelegate {restartedMain} Bootstrapping Spring Data JDBC repositories in DEFAULT mode.
2025-04-01 20:13:53,583 [INFO] org.springframework.data.repository.config.RepositoryConfigurationExtensionSupport {restartedMain} Spring Data JDBC - Could not safely identify store assignment for repository candidate interface com.project.event_management_system.repository.BookingRepository; If you want this repository to be a JDBC repository, consider annotating your entities with one of these annotations: org.springframework.data.relational.core.mapping.Table.
2025-04-01 20:13:53,584 [INFO] org.springframework.data.repository.config.RepositoryConfigurationExtensionSupport {restartedMain} Spring Data JDBC - Could not safely identify store assignment for repository candidate interface com.project.event_management_system.repository.CategoryRepository; If you want this repository to be a JDBC repository, consider annotating your entities with one of these annotations: org.springframework.data.relational.core.mapping.Table.
2025-04-01 20:13:53,584 [INFO] org.springframework.data.repository.config.RepositoryConfigurationExtensionSupport {restartedMain} Spring Data JDBC - Could not safely identify store assignment for repository candidate interface com.project.event_management_system.repository.ComplaintRepository; If you want this repository to be a JDBC repository, consider annotating your entities with one of these annotations: org.springframework.data.relational.core.mapping.Table.
2025-04-01 20:13:53,588 [INFO] org.springframework.data.repository.config.RepositoryConfigurationExtensionSupport {restartedMain} Spring Data JDBC - Could not safely identify store assignment for repository candidate interface com.project.event_management_system.repository.EventRepository; If you want this repository to be a JDBC repository, consider annotating your entities with one of these annotations: org.springframework.data.relational.core.mapping.Table.
2025-04-01 20:13:53,589 [INFO] org.springframework.data.repository.config.RepositoryConfigurationExtensionSupport {restartedMain} Spring Data JDBC - Could not safely identify store assignment for repository candidate interface com.project.event_management_system.repository.LoginRepository; If you want this repository to be a JDBC repository, consider annotating your entities with one of these annotations: org.springframework.data.relational.core.mapping.Table.
2025-04-01 20:13:53,590 [INFO] org.springframework.data.repository.config.RepositoryConfigurationExtensionSupport {restartedMain} Spring Data JDBC - Could not safely identify store assignment for repository candidate interface com.project.event_management_system.repository.OfferRepository; If you want this repository to be a JDBC repository, consider annotating your entities with one of these annotations: org.springframework.data.relational.core.mapping.Table.
2025-04-01 20:13:53,591 [INFO] org.springframework.data.repository.config.RepositoryConfigurationExtensionSupport {restartedMain} Spring Data JDBC - Could not safely identify store assignment for repository candidate interface com.project.event_management_system.repository.OrganizerRepository; If you want this repository to be a JDBC repository, consider annotating your entities with one of these annotations: org.springframework.data.relational.core.mapping.Table.
2025-04-01 20:13:53,591 [INFO] org.springframework.data.repository.config.RepositoryConfigurationExtensionSupport {restartedMain} Spring Data JDBC - Could not safely identify store assignment for repository candidate interface com.project.event_management_system.repository.TokenRepository; If you want this repository to be a JDBC repository, consider annotating your entities with one of these annotations: org.springframework.data.relational.core.mapping.Table.
2025-04-01 20:13:53,592 [INFO] org.springframework.data.repository.config.RepositoryConfigurationExtensionSupport {restartedMain} Spring Data JDBC - Could not safely identify store assignment for repository candidate interface com.project.event_management_system.repository.UserRepository; If you want this repository to be a JDBC repository, consider annotating your entities with one of these annotations: org.springframework.data.relational.core.mapping.Table.
2025-04-01 20:13:53,592 [INFO] org.springframework.data.repository.config.RepositoryConfigurationDelegate {restartedMain} Finished Spring Data repository scanning in 35 ms. Found 0 JDBC repository interfaces.
2025-04-01 20:13:53,601 [INFO] org.springframework.data.repository.config.RepositoryConfigurationDelegate {restartedMain} Multiple Spring Data modules found, entering strict repository configuration mode
2025-04-01 20:13:53,601 [INFO] org.springframework.data.repository.config.RepositoryConfigurationDelegate {restartedMain} Bootstrapping Spring Data JPA repositories in DEFAULT mode.
2025-04-01 20:13:53,635 [INFO] org.springframework.data.repository.config.RepositoryConfigurationDelegate {restartedMain} Finished Spring Data repository scanning in 30 ms. Found 9 JPA repository interfaces.
2025-04-01 20:13:54,088 [INFO] org.springframework.boot.web.embedded.tomcat.TomcatWebServer {restartedMain} Tomcat initialized with port 8080 (http)
2025-04-01 20:13:54,101 [INFO] org.apache.catalina.core.StandardService {restartedMain} Starting service [Tomcat]
2025-04-01 20:13:54,101 [INFO] org.apache.catalina.core.StandardEngine {restartedMain} Starting Servlet engine: [Apache Tomcat/10.1.34]
2025-04-01 20:13:54,131 [INFO] org.apache.catalina.core.ContainerBase.[Tomcat].[localhost].[/] {restartedMain} Initializing Spring embedded WebApplicationContext
2025-04-01 20:13:54,131 [INFO] org.springframework.boot.web.servlet.context.ServletWebServerApplicationContext {restartedMain} Root WebApplicationContext: initialization completed in 1229 ms
2025-04-01 20:13:54,247 [INFO] org.hibernate.jpa.internal.util.LogHelper {restartedMain} HHH000204: Processing PersistenceUnitInfo [name: default]
2025-04-01 20:13:54,288 [INFO] org.hibernate.Version {restartedMain} HHH000412: Hibernate ORM core version 6.6.4.Final
2025-04-01 20:13:54,312 [INFO] org.hibernate.cache.internal.RegionFactoryInitiator {restartedMain} HHH000026: Second-level cache disabled
2025-04-01 20:13:54,481 [INFO] org.springframework.orm.jpa.persistenceunit.SpringPersistenceUnitInfo {restartedMain} No LoadTimeWeaver setup: ignoring JPA class transformer
2025-04-01 20:13:54,500 [INFO] com.zaxxer.hikari.HikariDataSource {restartedMain} HikariPool-1 - Starting...
2025-04-01 20:13:54,756 [INFO] com.zaxxer.hikari.pool.HikariPool {restartedMain} HikariPool-1 - Added connection com.mysql.cj.jdbc.ConnectionImpl@4287c5ac
2025-04-01 20:13:54,757 [INFO] com.zaxxer.hikari.HikariDataSource {restartedMain} HikariPool-1 - Start completed.
2025-04-01 20:13:54,790 [WARN] org.hibernate.orm.deprecation {restartedMain} HHH90000025: MySQL8Dialect does not need to be specified explicitly using 'hibernate.dialect' (remove the property setting and it will be selected by default)
2025-04-01 20:13:54,791 [WARN] org.hibernate.orm.deprecation {restartedMain} HHH90000026: MySQL8Dialect has been deprecated; use org.hibernate.dialect.MySQLDialect instead
2025-04-01 20:13:54,802 [INFO] org.hibernate.orm.connections.pooling {restartedMain} HHH10001005: Database info:
	Database JDBC URL [Connecting through datasource 'HikariDataSource (HikariPool-1)']
	Database driver: undefined/unknown
	Database version: 8.0
	Autocommit mode: undefined/unknown
	Isolation level: undefined/unknown
	Minimum pool size: undefined/unknown
	Maximum pool size: undefined/unknown
2025-04-01 20:13:55,619 [INFO] org.hibernate.engine.transaction.jta.platform.internal.JtaPlatformInitiator {restartedMain} HHH000489: No JTA platform available (set 'hibernate.transaction.jta.platform' to enable JTA platform integration)
2025-04-01 20:13:55,770 [INFO] org.springframework.orm.jpa.LocalContainerEntityManagerFactoryBean {restartedMain} Initialized JPA EntityManagerFactory for persistence unit 'default'
2025-04-01 20:13:56,080 [INFO] org.springframework.data.jpa.repository.query.QueryEnhancerFactory {restartedMain} Hibernate is in classpath; If applicable, HQL parser will be used.
2025-04-01 20:13:56,638 [WARN] org.springframework.boot.autoconfigure.orm.jpa.JpaBaseConfiguration$JpaWebConfiguration {restartedMain} spring.jpa.open-in-view is enabled by default. Therefore, database queries may be performed during view rendering. Explicitly configure spring.jpa.open-in-view to disable this warning
2025-04-01 20:13:56,656 [INFO] org.springframework.security.config.annotation.authentication.configuration.InitializeAuthenticationProviderBeanManagerConfigurer$InitializeAuthenticationProviderManagerConfigurer {restartedMain} Global AuthenticationManager configured with AuthenticationProvider bean with name authenticationProvider
2025-04-01 20:13:56,657 [WARN] org.springframework.security.config.annotation.authentication.configuration.InitializeUserDetailsBeanManagerConfigurer$InitializeUserDetailsManagerConfigurer {restartedMain} Global AuthenticationManager configured with an AuthenticationProvider bean. UserDetailsService beans will not be used by Spring Security for automatically configuring username/password login. Consider removing the AuthenticationProvider bean. Alternatively, consider using the UserDetailsService in a manually instantiated DaoAuthenticationProvider. If the current configuration is intentional, to turn off this warning, increase the logging level of 'org.springframework.security.config.annotation.authentication.configuration.InitializeUserDetailsBeanManagerConfigurer' to ERROR
2025-04-01 20:13:57,076 [INFO] org.springframework.boot.devtools.autoconfigure.OptionalLiveReloadServer {restartedMain} LiveReload server is running on port 35729
2025-04-01 20:13:57,089 [WARN] org.springframework.boot.web.servlet.context.AnnotationConfigServletWebServerApplicationContext {restartedMain} Exception encountered during context initialization - cancelling refresh attempt: org.springframework.context.ApplicationContextException: Failed to start bean 'webServerStartStop'
2025-04-01 20:13:57,092 [INFO] org.springframework.orm.jpa.LocalContainerEntityManagerFactoryBean {restartedMain} Closing JPA EntityManagerFactory for persistence unit 'default'
2025-04-01 20:13:57,095 [INFO] com.zaxxer.hikari.HikariDataSource {restartedMain} HikariPool-1 - Shutdown initiated...
2025-04-01 20:13:57,099 [INFO] com.zaxxer.hikari.HikariDataSource {restartedMain} HikariPool-1 - Shutdown completed.
2025-04-01 20:13:57,109 [INFO] org.springframework.boot.autoconfigure.logging.ConditionEvaluationReportLogger {restartedMain} 

Error starting ApplicationContext. To display the condition evaluation report re-run your application with 'debug' enabled.
2025-04-01 20:13:57,120 [ERROR] org.springframework.boot.diagnostics.LoggingFailureAnalysisReporter {restartedMain} 

***************************
APPLICATION FAILED TO START
***************************

Description:

Web server failed to start. Port 8080 was already in use.

Action:

Identify and stop the process that's listening on port 8080 or configure this application to listen on another port.

